GAS LISTING /tmp/ccPkWzaa.s 			page 1


   1              		.file	"console.cpp"
   2              		.option pic
   3              		.option norelax
   4              		.text
   5              	.Ltext0:
   6              		.align	2
   7              		.globl	_ZN7Console4getcEv
   9              	_ZN7Console4getcEv:
  10              	.LFB21:
  11              		.file 1 "src/console.cpp"
   1:src/console.cpp **** #include "../h/syscall_cpp.hpp"
   2:src/console.cpp **** 
   3:src/console.cpp **** char Console::getc()
   4:src/console.cpp **** {
  12              		.loc 1 4 1
  13              		.cfi_startproc
  14 0000 130101FF 		addi	sp,sp,-16
  15              		.cfi_def_cfa_offset 16
  16 0004 23341100 		sd	ra,8(sp)
  17 0008 23308100 		sd	s0,0(sp)
  18              		.cfi_offset 1, -8
  19              		.cfi_offset 8, -16
  20 000c 13040101 		addi	s0,sp,16
  21              		.cfi_def_cfa 8, 0
   5:src/console.cpp ****     return getc();
  22              		.loc 1 5 5
  23              		.loc 1 5 16 is_stmt 0
  24 0010 97000000 		call	_ZN7Console4getcEv
  24      E7800000 
  25              	.LVL0:
   6:src/console.cpp **** }
  26              		.loc 1 6 1
  27 0018 83308100 		ld	ra,8(sp)
  28              		.cfi_restore 1
  29 001c 03340100 		ld	s0,0(sp)
  30              		.cfi_restore 8
  31              		.cfi_def_cfa 2, 16
  32 0020 13010101 		addi	sp,sp,16
  33              		.cfi_def_cfa_offset 0
  34 0024 67800000 		jr	ra
  35              		.cfi_endproc
  36              	.LFE21:
  38              		.align	2
  39              		.globl	_ZN7Console4putcEc
  41              	_ZN7Console4putcEc:
  42              	.LFB22:
   7:src/console.cpp **** 
   8:src/console.cpp **** void Console::putc(char chr)
   9:src/console.cpp **** {
  43              		.loc 1 9 1 is_stmt 1
  44              		.cfi_startproc
  45              	.LVL1:
  46 0028 130101FF 		addi	sp,sp,-16
  47              		.cfi_def_cfa_offset 16
  48 002c 23341100 		sd	ra,8(sp)
  49 0030 23308100 		sd	s0,0(sp)
  50              		.cfi_offset 1, -8
GAS LISTING /tmp/ccPkWzaa.s 			page 2


  51              		.cfi_offset 8, -16
  52 0034 13040101 		addi	s0,sp,16
  53              		.cfi_def_cfa 8, 0
  10:src/console.cpp ****     putc(chr);
  54              		.loc 1 10 5
  55              		.loc 1 10 9 is_stmt 0
  56 0038 97000000 		call	_ZN7Console4putcEc
  56      E7800000 
  57              	.LVL2:
  11:src/console.cpp **** }...
  58              		.loc 1 11 1
  59 0040 83308100 		ld	ra,8(sp)
  60              		.cfi_restore 1
  61 0044 03340100 		ld	s0,0(sp)
  62              		.cfi_restore 8
  63              		.cfi_def_cfa 2, 16
  64 0048 13010101 		addi	sp,sp,16
  65              		.cfi_def_cfa_offset 0
  66 004c 67800000 		jr	ra
  67              		.cfi_endproc
  68              	.LFE22:
  70              	.Letext0:
  71              		.file 2 "src/../h/../lib/hw.h"
  72              		.file 3 "src/../h/syscall_c.h"
  73              		.file 4 "src/../h/syscall_cpp.hpp"
GAS LISTING /tmp/ccPkWzaa.s 			page 3


DEFINED SYMBOLS
                            *ABS*:0000000000000000 console.cpp
     /tmp/ccPkWzaa.s:9      .text:0000000000000000 _ZN7Console4getcEv
     /tmp/ccPkWzaa.s:13     .text:0000000000000000 .L0 
     /tmp/ccPkWzaa.s:14     .text:0000000000000000 .L0 
     /tmp/ccPkWzaa.s:15     .text:0000000000000004 .L0 
     /tmp/ccPkWzaa.s:18     .text:000000000000000c .L0 
     /tmp/ccPkWzaa.s:19     .text:000000000000000c .L0 
     /tmp/ccPkWzaa.s:21     .text:0000000000000010 .L0 
     /tmp/ccPkWzaa.s:23     .text:0000000000000010 .L0 
     /tmp/ccPkWzaa.s:24     .text:0000000000000010 .L0 
     /tmp/ccPkWzaa.s:27     .text:0000000000000018 .L0 
     /tmp/ccPkWzaa.s:28     .text:000000000000001c .L0 
     /tmp/ccPkWzaa.s:30     .text:0000000000000020 .L0 
     /tmp/ccPkWzaa.s:31     .text:0000000000000020 .L0 
     /tmp/ccPkWzaa.s:33     .text:0000000000000024 .L0 
     /tmp/ccPkWzaa.s:35     .text:0000000000000028 .L0 
     /tmp/ccPkWzaa.s:41     .text:0000000000000028 _ZN7Console4putcEc
     /tmp/ccPkWzaa.s:44     .text:0000000000000028 .L0 
     /tmp/ccPkWzaa.s:46     .text:0000000000000028 .L0 
     /tmp/ccPkWzaa.s:47     .text:000000000000002c .L0 
     /tmp/ccPkWzaa.s:50     .text:0000000000000034 .L0 
     /tmp/ccPkWzaa.s:51     .text:0000000000000034 .L0 
     /tmp/ccPkWzaa.s:53     .text:0000000000000038 .L0 
     /tmp/ccPkWzaa.s:55     .text:0000000000000038 .L0 
     /tmp/ccPkWzaa.s:56     .text:0000000000000038 .L0 
     /tmp/ccPkWzaa.s:59     .text:0000000000000040 .L0 
     /tmp/ccPkWzaa.s:60     .text:0000000000000044 .L0 
     /tmp/ccPkWzaa.s:62     .text:0000000000000048 .L0 
     /tmp/ccPkWzaa.s:63     .text:0000000000000048 .L0 
     /tmp/ccPkWzaa.s:65     .text:000000000000004c .L0 
     /tmp/ccPkWzaa.s:67     .text:0000000000000050 .L0 
     /tmp/ccPkWzaa.s:74     .text:0000000000000050 .L0 
     /tmp/ccPkWzaa.s:279    .debug_abbrev:0000000000000000 .Ldebug_abbrev0
     /tmp/ccPkWzaa.s:625    .debug_str:00000000000000c3 .LASF19
     /tmp/ccPkWzaa.s:629    .debug_str:0000000000000194 .LASF20
     /tmp/ccPkWzaa.s:639    .debug_str:00000000000001df .LASF21
     /tmp/ccPkWzaa.s:5      .text:0000000000000000 .Ltext0
     /tmp/ccPkWzaa.s:70     .text:0000000000000050 .Letext0
     /tmp/ccPkWzaa.s:595    .debug_line:0000000000000000 .Ldebug_line0
     /tmp/ccPkWzaa.s:627    .debug_str:0000000000000187 .LASF0
     /tmp/ccPkWzaa.s:619    .debug_str:0000000000000091 .LASF1
     /tmp/ccPkWzaa.s:613    .debug_str:000000000000006c .LASF2
     /tmp/ccPkWzaa.s:603    .debug_str:0000000000000028 .LASF4
     /tmp/ccPkWzaa.s:617    .debug_str:000000000000007f .LASF3
     /tmp/ccPkWzaa.s:599    .debug_str:0000000000000013 .LASF5
     /tmp/ccPkWzaa.s:597    .debug_str:0000000000000000 .LASF6
     /tmp/ccPkWzaa.s:609    .debug_str:000000000000004a .LASF7
     /tmp/ccPkWzaa.s:635    .debug_str:00000000000001b9 .LASF8
     /tmp/ccPkWzaa.s:601    .debug_str:000000000000001a .LASF9
     /tmp/ccPkWzaa.s:649    .debug_str:000000000000022d .LASF10
     /tmp/ccPkWzaa.s:611    .debug_str:000000000000005d .LASF11
     /tmp/ccPkWzaa.s:647    .debug_str:000000000000021d .LASF12
     /tmp/ccPkWzaa.s:633    .debug_str:00000000000001a9 .LASF13
     /tmp/ccPkWzaa.s:621    .debug_str:00000000000000a4 .LASF14
     /tmp/ccPkWzaa.s:607    .debug_str:0000000000000034 .LASF15
     /tmp/ccPkWzaa.s:637    .debug_str:00000000000001c9 .LASF16
GAS LISTING /tmp/ccPkWzaa.s 			page 4


     /tmp/ccPkWzaa.s:605    .debug_str:000000000000002f .LASF17
     /tmp/ccPkWzaa.s:641    .debug_str:00000000000001fd .LASF22
     /tmp/ccPkWzaa.s:615    .debug_str:000000000000007a .LASF23
     /tmp/ccPkWzaa.s:645    .debug_str:000000000000020a .LASF24
     /tmp/ccPkWzaa.s:643    .debug_str:0000000000000205 .LASF25
     /tmp/ccPkWzaa.s:623    .debug_str:00000000000000b0 .LASF26
     /tmp/ccPkWzaa.s:631    .debug_str:00000000000001a4 .LASF18
     /tmp/ccPkWzaa.s:42     .text:0000000000000028 .LFB22
     /tmp/ccPkWzaa.s:68     .text:0000000000000050 .LFE22
     /tmp/ccPkWzaa.s:568    .debug_loc:0000000000000000 .LLST0
     /tmp/ccPkWzaa.s:57     .text:0000000000000040 .LVL2
     /tmp/ccPkWzaa.s:10     .text:0000000000000000 .LFB21
     /tmp/ccPkWzaa.s:36     .text:0000000000000028 .LFE21
     /tmp/ccPkWzaa.s:25     .text:0000000000000018 .LVL0
     /tmp/ccPkWzaa.s:45     .text:0000000000000028 .LVL1
     /tmp/ccPkWzaa.s:75     .debug_info:0000000000000000 .Ldebug_info0

NO UNDEFINED SYMBOLS
