GAS LISTING /tmp/ccTMXQOI.s 			page 1


   1              		.file	"main.c"
   2              		.option nopic
   3              		.option norelax
   4              		.text
   5              	.Ltext0:
   6              		.cfi_sections	.debug_frame
   7              		.align	2
   8              		.globl	main
  10              	main:
  11              	.LFB0:
  12              		.file 1 "src/main.c"
   1:src/main.c    **** #include "../h/syscall_c.h"
   2:src/main.c    **** #include "../lib/console.h"
   3:src/main.c    **** 
   4:src/main.c    **** int main()
   5:src/main.c    **** {
  13              		.loc 1 5 1
  14              		.cfi_startproc
  15 0000 130101FF 		addi	sp,sp,-16
  16              		.cfi_def_cfa_offset 16
  17 0004 23341100 		sd	ra,8(sp)
  18 0008 23308100 		sd	s0,0(sp)
  19              		.cfi_offset 1, -8
  20              		.cfi_offset 8, -16
  21 000c 13040101 		addi	s0,sp,16
  22              		.cfi_def_cfa 8, 0
   6:src/main.c    ****     // Realizacija jezgra može da pod svojom kontrolom ima radnje
   7:src/main.c    ****     // koje će se izvršiti pri pokretanju
   8:src/main.c    ****     // programa, a zatim treba da pokrene nit nad funkcijom userMain().
   9:src/main.c    **** 
  10:src/main.c    ****     // Ako se testira treba da se pozove userMain();
  11:src/main.c    **** 
  12:src/main.c    ****     size_t ss = 202; // Bajta
  23              		.loc 1 12 5
  24              	.LVL0:
  13:src/main.c    ****     mem_alloc_proba(ss);
  25              		.loc 1 13 5
  26 0010 1305A00C 		li	a0,202
  27 0014 97000000 		call	mem_alloc_proba
  27      E7800000 
  28              	.LVL1:
  14:src/main.c    **** 
  15:src/main.c    ****     //void* b = a + 0x4;
  16:src/main.c    ****     char  x = 'v';
  29              		.loc 1 16 5
  17:src/main.c    ****     __putc(x);
  30              		.loc 1 17 5
  31 001c 13056007 		li	a0,118
  32 0020 97000000 		call	__putc
  32      E7800000 
  33              	.LVL2:
  18:src/main.c    ****     char new_line = '\n';
  34              		.loc 1 18 5
  19:src/main.c    ****     __putc(new_line);
  35              		.loc 1 19 5
  36 0028 1305A000 		li	a0,10
  37 002c 97000000 		call	__putc
GAS LISTING /tmp/ccTMXQOI.s 			page 2


  37      E7800000 
  38              	.LVL3:
  20:src/main.c    **** 
  21:src/main.c    ****     return 0;
  39              		.loc 1 21 5
  22:src/main.c    **** }
  40              		.loc 1 22 1 is_stmt 0
  41 0034 13050000 		li	a0,0
  42 0038 83308100 		ld	ra,8(sp)
  43              		.cfi_restore 1
  44 003c 03340100 		ld	s0,0(sp)
  45              		.cfi_restore 8
  46              		.cfi_def_cfa 2, 16
  47 0040 13010101 		addi	sp,sp,16
  48              		.cfi_def_cfa_offset 0
  49 0044 67800000 		jr	ra
  50              		.cfi_endproc
  51              	.LFE0:
  53              	.Letext0:
  54              		.file 2 "src/../h/../lib/hw.h"
  55              		.file 3 "src/../h/syscall_c.h"
  56              		.file 4 "src/../lib/console.h"
GAS LISTING /tmp/ccTMXQOI.s 			page 3


DEFINED SYMBOLS
                            *ABS*:0000000000000000 main.c
     /tmp/ccTMXQOI.s:10     .text:0000000000000000 main
     /tmp/ccTMXQOI.s:14     .text:0000000000000000 .L0 
     /tmp/ccTMXQOI.s:15     .text:0000000000000000 .L0 
     /tmp/ccTMXQOI.s:16     .text:0000000000000004 .L0 
     /tmp/ccTMXQOI.s:19     .text:000000000000000c .L0 
     /tmp/ccTMXQOI.s:20     .text:000000000000000c .L0 
     /tmp/ccTMXQOI.s:22     .text:0000000000000010 .L0 
     /tmp/ccTMXQOI.s:25     .text:0000000000000010 .L0 
     /tmp/ccTMXQOI.s:26     .text:0000000000000010 .L0 
     /tmp/ccTMXQOI.s:30     .text:000000000000001c .L0 
     /tmp/ccTMXQOI.s:31     .text:000000000000001c .L0 
     /tmp/ccTMXQOI.s:35     .text:0000000000000028 .L0 
     /tmp/ccTMXQOI.s:36     .text:0000000000000028 .L0 
     /tmp/ccTMXQOI.s:40     .text:0000000000000034 .L0 
     /tmp/ccTMXQOI.s:41     .text:0000000000000034 .L0 
     /tmp/ccTMXQOI.s:43     .text:000000000000003c .L0 
     /tmp/ccTMXQOI.s:45     .text:0000000000000040 .L0 
     /tmp/ccTMXQOI.s:46     .text:0000000000000040 .L0 
     /tmp/ccTMXQOI.s:48     .text:0000000000000044 .L0 
     /tmp/ccTMXQOI.s:50     .text:0000000000000048 .L0 
     /tmp/ccTMXQOI.s:57     .text:0000000000000048 .L0 
                     .debug_frame:0000000000000000 .L0 
     /tmp/ccTMXQOI.s:265    .debug_abbrev:0000000000000000 .Ldebug_abbrev0
     /tmp/ccTMXQOI.s:550    .debug_str:0000000000000156 .LASF21
     /tmp/ccTMXQOI.s:516    .debug_str:0000000000000053 .LASF22
     /tmp/ccTMXQOI.s:522    .debug_str:0000000000000078 .LASF23
     /tmp/ccTMXQOI.s:5      .text:0000000000000000 .Ltext0
     /tmp/ccTMXQOI.s:53     .text:0000000000000048 .Letext0
     /tmp/ccTMXQOI.s:502    .debug_line:0000000000000000 .Ldebug_line0
     /tmp/ccTMXQOI.s:504    .debug_str:0000000000000000 .LASF0
     /tmp/ccTMXQOI.s:540    .debug_str:000000000000010b .LASF1
     /tmp/ccTMXQOI.s:526    .debug_str:00000000000000a2 .LASF2
     /tmp/ccTMXQOI.s:520    .debug_str:0000000000000071 .LASF4
     /tmp/ccTMXQOI.s:514    .debug_str:0000000000000041 .LASF3
     /tmp/ccTMXQOI.s:510    .debug_str:000000000000002a .LASF5
     /tmp/ccTMXQOI.s:518    .debug_str:000000000000005e .LASF6
     /tmp/ccTMXQOI.s:538    .debug_str:00000000000000f8 .LASF7
     /tmp/ccTMXQOI.s:548    .debug_str:0000000000000146 .LASF8
     /tmp/ccTMXQOI.s:506    .debug_str:000000000000000d .LASF9
     /tmp/ccTMXQOI.s:508    .debug_str:000000000000001b .LASF10
     /tmp/ccTMXQOI.s:544    .debug_str:000000000000012e .LASF11
     /tmp/ccTMXQOI.s:512    .debug_str:0000000000000031 .LASF12
     /tmp/ccTMXQOI.s:542    .debug_str:000000000000011e .LASF13
     /tmp/ccTMXQOI.s:524    .debug_str:0000000000000096 .LASF14
     /tmp/ccTMXQOI.s:536    .debug_str:00000000000000e2 .LASF15
     /tmp/ccTMXQOI.s:532    .debug_str:00000000000000bc .LASF16
     /tmp/ccTMXQOI.s:528    .debug_str:00000000000000b0 .LASF24
     /tmp/ccTMXQOI.s:11     .text:0000000000000000 .LFB0
     /tmp/ccTMXQOI.s:51     .text:0000000000000048 .LFE0
     /tmp/ccTMXQOI.s:546    .debug_str:000000000000013d .LASF17
     /tmp/ccTMXQOI.s:28     .text:000000000000001c .LVL1
     /tmp/ccTMXQOI.s:33     .text:0000000000000028 .LVL2
     /tmp/ccTMXQOI.s:38     .text:0000000000000034 .LVL3
     /tmp/ccTMXQOI.s:552    .debug_str:00000000000001f4 .LASF18
     /tmp/ccTMXQOI.s:534    .debug_str:00000000000000d2 .LASF19
GAS LISTING /tmp/ccTMXQOI.s 			page 4


     /tmp/ccTMXQOI.s:530    .debug_str:00000000000000b5 .LASF20
     /tmp/ccTMXQOI.s:58     .debug_info:0000000000000000 .Ldebug_info0

UNDEFINED SYMBOLS
mem_alloc_proba
__putc
